{"/Users/ruantiengo/Desktop/sistema-verdura-backend/__tests__/data/mocks/db-load-account-mock.ts": {"path":"/Users/ruantiengo/Desktop/sistema-verdura-backend/__tests__/data/mocks/db-load-account-mock.ts","all":false,"statementMap":{"0":{"start":{"line":1,"column":0},"end":{"line":1,"column":91}},"1":{"start":{"line":2,"column":0},"end":{"line":2,"column":62}},"2":{"start":{"line":3,"column":0},"end":{"line":3,"column":49}},"3":{"start":{"line":4,"column":0},"end":{"line":4,"column":0}},"4":{"start":{"line":5,"column":0},"end":{"line":5,"column":70}},"5":{"start":{"line":6,"column":0},"end":{"line":6,"column":42}},"6":{"start":{"line":7,"column":0},"end":{"line":7,"column":55}},"7":{"start":{"line":8,"column":0},"end":{"line":8,"column":3}},"8":{"start":{"line":9,"column":0},"end":{"line":9,"column":1}}},"s":{"0":1,"1":1,"2":1,"3":1,"4":1,"5":1,"6":5,"7":5,"8":1},"branchMap":{"0":{"type":"branch","line":6,"loc":{"start":{"line":6,"column":2},"end":{"line":8,"column":3}},"locations":[{"start":{"line":6,"column":2},"end":{"line":8,"column":3}}]},"1":{"type":"branch","line":7,"loc":{"start":{"line":7,"column":23},"end":{"line":7,"column":54}},"locations":[{"start":{"line":7,"column":23},"end":{"line":7,"column":54}}]}},"b":{"0":[5],"1":[5]},"fnMap":{"0":{"name":"load","decl":{"start":{"line":6,"column":2},"end":{"line":8,"column":3}},"loc":{"start":{"line":6,"column":2},"end":{"line":8,"column":3}},"line":6}},"f":{"0":5}}
,"/Users/ruantiengo/Desktop/sistema-verdura-backend/__tests__/data/mocks/encrypter-mock.ts": {"path":"/Users/ruantiengo/Desktop/sistema-verdura-backend/__tests__/data/mocks/encrypter-mock.ts","all":false,"statementMap":{"0":{"start":{"line":1,"column":0},"end":{"line":1,"column":65}},"1":{"start":{"line":2,"column":0},"end":{"line":2,"column":0}},"2":{"start":{"line":3,"column":0},"end":{"line":3,"column":48}},"3":{"start":{"line":4,"column":0},"end":{"line":4,"column":47}},"4":{"start":{"line":5,"column":0},"end":{"line":5,"column":61}},"5":{"start":{"line":6,"column":0},"end":{"line":6,"column":3}},"6":{"start":{"line":7,"column":0},"end":{"line":7,"column":1}}},"s":{"0":1,"1":1,"2":1,"3":1,"4":2,"5":2,"6":1},"branchMap":{"0":{"type":"branch","line":4,"loc":{"start":{"line":4,"column":2},"end":{"line":6,"column":3}},"locations":[{"start":{"line":4,"column":2},"end":{"line":6,"column":3}}]},"1":{"type":"branch","line":5,"loc":{"start":{"line":5,"column":23},"end":{"line":5,"column":60}},"locations":[{"start":{"line":5,"column":23},"end":{"line":5,"column":60}}]}},"b":{"0":[2],"1":[2]},"fnMap":{"0":{"name":"encrypt","decl":{"start":{"line":4,"column":2},"end":{"line":6,"column":3}},"loc":{"start":{"line":4,"column":2},"end":{"line":6,"column":3}},"line":4}},"f":{"0":2}}
,"/Users/ruantiengo/Desktop/sistema-verdura-backend/__tests__/data/mocks/fake-account-mock.ts": {"path":"/Users/ruantiengo/Desktop/sistema-verdura-backend/__tests__/data/mocks/fake-account-mock.ts","all":false,"statementMap":{"0":{"start":{"line":1,"column":0},"end":{"line":1,"column":39}},"1":{"start":{"line":2,"column":0},"end":{"line":2,"column":62}},"2":{"start":{"line":3,"column":0},"end":{"line":3,"column":37}},"3":{"start":{"line":4,"column":0},"end":{"line":4,"column":32}},"4":{"start":{"line":5,"column":0},"end":{"line":5,"column":28}},"5":{"start":{"line":6,"column":0},"end":{"line":6,"column":31}},"6":{"start":{"line":7,"column":0},"end":{"line":7,"column":55}},"7":{"start":{"line":8,"column":0},"end":{"line":8,"column":1}}},"s":{"0":1,"1":1,"2":1,"3":1,"4":1,"5":1,"6":1,"7":1},"branchMap":{},"b":{},"fnMap":{},"f":{}}
,"/Users/ruantiengo/Desktop/sistema-verdura-backend/__tests__/data/mocks/hash-comparer-mock.ts": {"path":"/Users/ruantiengo/Desktop/sistema-verdura-backend/__tests__/data/mocks/hash-comparer-mock.ts","all":false,"statementMap":{"0":{"start":{"line":1,"column":0},"end":{"line":1,"column":72}},"1":{"start":{"line":2,"column":0},"end":{"line":2,"column":0}},"2":{"start":{"line":3,"column":0},"end":{"line":3,"column":54}},"3":{"start":{"line":4,"column":0},"end":{"line":4,"column":64}},"4":{"start":{"line":5,"column":0},"end":{"line":5,"column":48}},"5":{"start":{"line":6,"column":0},"end":{"line":6,"column":3}},"6":{"start":{"line":7,"column":0},"end":{"line":7,"column":1}}},"s":{"0":1,"1":1,"2":1,"3":1,"4":3,"5":3,"6":1},"branchMap":{"0":{"type":"branch","line":4,"loc":{"start":{"line":4,"column":2},"end":{"line":6,"column":3}},"locations":[{"start":{"line":4,"column":2},"end":{"line":6,"column":3}}]},"1":{"type":"branch","line":5,"loc":{"start":{"line":5,"column":23},"end":{"line":5,"column":47}},"locations":[{"start":{"line":5,"column":23},"end":{"line":5,"column":47}}]}},"b":{"0":[3],"1":[3]},"fnMap":{"0":{"name":"compare","decl":{"start":{"line":4,"column":2},"end":{"line":6,"column":3}},"loc":{"start":{"line":4,"column":2},"end":{"line":6,"column":3}},"line":4}},"f":{"0":3}}
,"/Users/ruantiengo/Desktop/sistema-verdura-backend/__tests__/presentation/mocks/authentication-mock.ts": {"path":"/Users/ruantiengo/Desktop/sistema-verdura-backend/__tests__/presentation/mocks/authentication-mock.ts","all":false,"statementMap":{"0":{"start":{"line":1,"column":0},"end":{"line":1,"column":76}},"1":{"start":{"line":2,"column":0},"end":{"line":2,"column":46}},"2":{"start":{"line":3,"column":0},"end":{"line":3,"column":0}},"3":{"start":{"line":4,"column":0},"end":{"line":4,"column":58}},"4":{"start":{"line":5,"column":0},"end":{"line":5,"column":56}},"5":{"start":{"line":6,"column":0},"end":{"line":6,"column":32}},"6":{"start":{"line":7,"column":0},"end":{"line":7,"column":25}},"7":{"start":{"line":8,"column":0},"end":{"line":8,"column":5}},"8":{"start":{"line":9,"column":0},"end":{"line":9,"column":0}},"9":{"start":{"line":10,"column":0},"end":{"line":10,"column":50}},"10":{"start":{"line":11,"column":0},"end":{"line":11,"column":3}},"11":{"start":{"line":12,"column":0},"end":{"line":12,"column":1}}},"s":{"0":1,"1":1,"2":1,"3":1,"4":1,"5":1,"6":1,"7":1,"8":1,"9":1,"10":1,"11":1},"branchMap":{"0":{"type":"branch","line":5,"loc":{"start":{"line":5,"column":2},"end":{"line":11,"column":3}},"locations":[{"start":{"line":5,"column":2},"end":{"line":11,"column":3}}]},"1":{"type":"branch","line":10,"loc":{"start":{"line":10,"column":23},"end":{"line":10,"column":49}},"locations":[{"start":{"line":10,"column":23},"end":{"line":10,"column":49}}]}},"b":{"0":[1],"1":[1]},"fnMap":{"0":{"name":"auth","decl":{"start":{"line":5,"column":2},"end":{"line":11,"column":3}},"loc":{"start":{"line":5,"column":2},"end":{"line":11,"column":3}},"line":5}},"f":{"0":1}}
,"/Users/ruantiengo/Desktop/sistema-verdura-backend/src/data/usecases/remote-authentication.ts": {"path":"/Users/ruantiengo/Desktop/sistema-verdura-backend/src/data/usecases/remote-authentication.ts","all":false,"statementMap":{"0":{"start":{"line":1,"column":0},"end":{"line":1,"column":69}},"1":{"start":{"line":2,"column":0},"end":{"line":2,"column":39}},"2":{"start":{"line":3,"column":0},"end":{"line":3,"column":76}},"3":{"start":{"line":4,"column":0},"end":{"line":4,"column":50}},"4":{"start":{"line":5,"column":0},"end":{"line":5,"column":57}},"5":{"start":{"line":6,"column":0},"end":{"line":6,"column":0}},"6":{"start":{"line":7,"column":0},"end":{"line":7,"column":61}},"7":{"start":{"line":8,"column":0},"end":{"line":8,"column":75}},"8":{"start":{"line":9,"column":0},"end":{"line":9,"column":48}},"9":{"start":{"line":10,"column":0},"end":{"line":10,"column":44}},"10":{"start":{"line":11,"column":0},"end":{"line":11,"column":52}},"11":{"start":{"line":12,"column":0},"end":{"line":12,"column":36}},"12":{"start":{"line":13,"column":0},"end":{"line":13,"column":30}},"13":{"start":{"line":14,"column":0},"end":{"line":14,"column":3}},"14":{"start":{"line":15,"column":0},"end":{"line":15,"column":0}},"15":{"start":{"line":16,"column":0},"end":{"line":16,"column":62}},"16":{"start":{"line":17,"column":0},"end":{"line":17,"column":74}},"17":{"start":{"line":18,"column":0},"end":{"line":18,"column":27}},"18":{"start":{"line":19,"column":0},"end":{"line":19,"column":92}},"19":{"start":{"line":20,"column":0},"end":{"line":20,"column":20}},"20":{"start":{"line":21,"column":0},"end":{"line":21,"column":68}},"21":{"start":{"line":22,"column":0},"end":{"line":22,"column":63}},"22":{"start":{"line":23,"column":0},"end":{"line":23,"column":24}},"23":{"start":{"line":24,"column":0},"end":{"line":24,"column":5}},"24":{"start":{"line":25,"column":0},"end":{"line":25,"column":15}},"25":{"start":{"line":26,"column":0},"end":{"line":26,"column":3}},"26":{"start":{"line":27,"column":0},"end":{"line":27,"column":1}}},"s":{"0":1,"1":1,"2":1,"3":1,"4":1,"5":1,"6":1,"7":1,"8":7,"9":7,"10":7,"11":7,"12":7,"13":7,"14":1,"15":1,"16":7,"17":7,"18":5,"19":5,"20":3,"21":2,"22":5,"23":5,"24":1,"25":1,"26":1},"branchMap":{"0":{"type":"branch","line":8,"loc":{"start":{"line":8,"column":2},"end":{"line":14,"column":3}},"locations":[{"start":{"line":8,"column":2},"end":{"line":14,"column":3}}]},"1":{"type":"branch","line":16,"loc":{"start":{"line":16,"column":8},"end":{"line":26,"column":3}},"locations":[{"start":{"line":16,"column":8},"end":{"line":26,"column":3}}]},"2":{"type":"branch","line":18,"loc":{"start":{"line":18,"column":-1},"end":{"line":18,"column":26}},"locations":[{"start":{"line":18,"column":-1},"end":{"line":18,"column":26}}]},"3":{"type":"branch","line":18,"loc":{"start":{"line":18,"column":26},"end":{"line":24,"column":5}},"locations":[{"start":{"line":18,"column":26},"end":{"line":24,"column":5}}]},"4":{"type":"branch","line":20,"loc":{"start":{"line":20,"column":-1},"end":{"line":20,"column":19}},"locations":[{"start":{"line":20,"column":-1},"end":{"line":20,"column":19}}]},"5":{"type":"branch","line":20,"loc":{"start":{"line":20,"column":19},"end":{"line":23,"column":13}},"locations":[{"start":{"line":20,"column":19},"end":{"line":23,"column":13}}]},"6":{"type":"branch","line":22,"loc":{"start":{"line":22,"column":-1},"end":{"line":23,"column":13}},"locations":[{"start":{"line":22,"column":-1},"end":{"line":23,"column":13}}]},"7":{"type":"branch","line":23,"loc":{"start":{"line":23,"column":7},"end":{"line":23,"column":24}},"locations":[{"start":{"line":23,"column":7},"end":{"line":23,"column":24}}]},"8":{"type":"branch","line":25,"loc":{"start":{"line":25,"column":-1},"end":{"line":26,"column":3}},"locations":[{"start":{"line":25,"column":-1},"end":{"line":26,"column":3}}]},"9":{"type":"branch","line":22,"loc":{"start":{"line":22,"column":27},"end":{"line":22,"column":62}},"locations":[{"start":{"line":22,"column":27},"end":{"line":22,"column":62}}]}},"b":{"0":[7],"1":[7],"2":[6],"3":[5],"4":[4],"5":[3],"6":[2],"7":[1],"8":[1],"9":[2]},"fnMap":{"0":{"name":"RemoteAuthentication","decl":{"start":{"line":8,"column":2},"end":{"line":14,"column":3}},"loc":{"start":{"line":8,"column":2},"end":{"line":14,"column":3}},"line":8},"1":{"name":"auth","decl":{"start":{"line":16,"column":8},"end":{"line":26,"column":3}},"loc":{"start":{"line":16,"column":8},"end":{"line":26,"column":3}},"line":16}},"f":{"0":7,"1":7}}
,"/Users/ruantiengo/Desktop/sistema-verdura-backend/src/presentation/controllers/login-controller.ts": {"path":"/Users/ruantiengo/Desktop/sistema-verdura-backend/src/presentation/controllers/login-controller.ts","all":false,"statementMap":{"0":{"start":{"line":1,"column":0},"end":{"line":1,"column":52}},"1":{"start":{"line":2,"column":0},"end":{"line":2,"column":61}},"2":{"start":{"line":3,"column":0},"end":{"line":3,"column":35}},"3":{"start":{"line":4,"column":0},"end":{"line":4,"column":51}},"4":{"start":{"line":5,"column":0},"end":{"line":5,"column":44}},"5":{"start":{"line":6,"column":0},"end":{"line":6,"column":69}},"6":{"start":{"line":7,"column":0},"end":{"line":7,"column":0}},"7":{"start":{"line":8,"column":0},"end":{"line":8,"column":66}},"8":{"start":{"line":9,"column":0},"end":{"line":9,"column":65}},"9":{"start":{"line":10,"column":0},"end":{"line":10,"column":40}},"10":{"start":{"line":11,"column":0},"end":{"line":11,"column":3}},"11":{"start":{"line":12,"column":0},"end":{"line":12,"column":0}},"12":{"start":{"line":13,"column":0},"end":{"line":13,"column":62}},"13":{"start":{"line":14,"column":0},"end":{"line":14,"column":9}},"14":{"start":{"line":15,"column":0},"end":{"line":15,"column":50}},"15":{"start":{"line":16,"column":0},"end":{"line":16,"column":43}},"16":{"start":{"line":17,"column":0},"end":{"line":17,"column":94}},"17":{"start":{"line":18,"column":0},"end":{"line":18,"column":7}},"18":{"start":{"line":19,"column":0},"end":{"line":19,"column":70}},"19":{"start":{"line":20,"column":0},"end":{"line":20,"column":84}},"20":{"start":{"line":21,"column":0},"end":{"line":21,"column":21}},"21":{"start":{"line":22,"column":0},"end":{"line":22,"column":65}},"22":{"start":{"line":23,"column":0},"end":{"line":23,"column":5}},"23":{"start":{"line":24,"column":0},"end":{"line":24,"column":3}},"24":{"start":{"line":25,"column":0},"end":{"line":25,"column":1}}},"s":{"0":1,"1":1,"2":1,"3":1,"4":1,"5":1,"6":1,"7":1,"8":1,"9":4,"10":4,"11":1,"12":1,"13":4,"14":4,"15":4,"16":7,"17":7,"18":2,"19":1,"20":1,"21":1,"22":1,"23":4,"24":1},"branchMap":{"0":{"type":"branch","line":9,"loc":{"start":{"line":9,"column":2},"end":{"line":11,"column":3}},"locations":[{"start":{"line":9,"column":2},"end":{"line":11,"column":3}}]},"1":{"type":"branch","line":13,"loc":{"start":{"line":13,"column":8},"end":{"line":24,"column":3}},"locations":[{"start":{"line":13,"column":8},"end":{"line":24,"column":3}}]},"2":{"type":"branch","line":16,"loc":{"start":{"line":16,"column":42},"end":{"line":18,"column":7}},"locations":[{"start":{"line":16,"column":42},"end":{"line":18,"column":7}}]},"3":{"type":"branch","line":17,"loc":{"start":{"line":17,"column":47},"end":{"line":17,"column":94}},"locations":[{"start":{"line":17,"column":47},"end":{"line":17,"column":94}}]},"4":{"type":"branch","line":19,"loc":{"start":{"line":19,"column":-1},"end":{"line":19,"column":70}},"locations":[{"start":{"line":19,"column":-1},"end":{"line":19,"column":70}}]},"5":{"type":"branch","line":20,"loc":{"start":{"line":20,"column":-1},"end":{"line":23,"column":5}},"locations":[{"start":{"line":20,"column":-1},"end":{"line":23,"column":5}}]},"6":{"type":"branch","line":20,"loc":{"start":{"line":20,"column":25},"end":{"line":20,"column":83}},"locations":[{"start":{"line":20,"column":25},"end":{"line":20,"column":83}}]},"7":{"type":"branch","line":22,"loc":{"start":{"line":22,"column":25},"end":{"line":22,"column":64}},"locations":[{"start":{"line":22,"column":25},"end":{"line":22,"column":64}}]}},"b":{"0":[4],"1":[4],"2":[7],"3":[2],"4":[2],"5":[1],"6":[1],"7":[1]},"fnMap":{"0":{"name":"LoginController","decl":{"start":{"line":9,"column":2},"end":{"line":11,"column":3}},"loc":{"start":{"line":9,"column":2},"end":{"line":11,"column":3}},"line":9},"1":{"name":"handle","decl":{"start":{"line":13,"column":8},"end":{"line":24,"column":3}},"loc":{"start":{"line":13,"column":8},"end":{"line":24,"column":3}},"line":13},"2":{"name":"resolve.statusCode","decl":{"start":{"line":20,"column":25},"end":{"line":20,"column":83}},"loc":{"start":{"line":20,"column":25},"end":{"line":20,"column":83}},"line":20}},"f":{"0":4,"1":4,"2":1}}
,"/Users/ruantiengo/Desktop/sistema-verdura-backend/src/presentation/error/index.ts": {"path":"/Users/ruantiengo/Desktop/sistema-verdura-backend/src/presentation/error/index.ts","all":false,"statementMap":{"0":{"start":{"line":1,"column":0},"end":{"line":1,"column":37}}},"s":{"0":1},"branchMap":{},"b":{},"fnMap":{},"f":{}}
,"/Users/ruantiengo/Desktop/sistema-verdura-backend/src/presentation/error/missing-param-error.ts": {"path":"/Users/ruantiengo/Desktop/sistema-verdura-backend/src/presentation/error/missing-param-error.ts","all":false,"statementMap":{"0":{"start":{"line":1,"column":0},"end":{"line":1,"column":46}},"1":{"start":{"line":2,"column":0},"end":{"line":2,"column":31}},"2":{"start":{"line":3,"column":0},"end":{"line":3,"column":43}},"3":{"start":{"line":4,"column":0},"end":{"line":4,"column":38}},"4":{"start":{"line":5,"column":0},"end":{"line":5,"column":3}},"5":{"start":{"line":6,"column":0},"end":{"line":6,"column":1}}},"s":{"0":1,"1":1,"2":4,"3":4,"4":4,"5":1},"branchMap":{"0":{"type":"branch","line":2,"loc":{"start":{"line":2,"column":2},"end":{"line":5,"column":3}},"locations":[{"start":{"line":2,"column":2},"end":{"line":5,"column":3}}]}},"b":{"0":[4]},"fnMap":{"0":{"name":"MissingParamError","decl":{"start":{"line":2,"column":2},"end":{"line":5,"column":3}},"loc":{"start":{"line":2,"column":2},"end":{"line":5,"column":3}},"line":2}},"f":{"0":4}}
,"/Users/ruantiengo/Desktop/sistema-verdura-backend/src/presentation/helpers/status-code.ts": {"path":"/Users/ruantiengo/Desktop/sistema-verdura-backend/src/presentation/helpers/status-code.ts","all":false,"statementMap":{"0":{"start":{"line":1,"column":0},"end":{"line":1,"column":48}},"1":{"start":{"line":2,"column":0},"end":{"line":2,"column":0}},"2":{"start":{"line":3,"column":0},"end":{"line":3,"column":59}},"3":{"start":{"line":4,"column":0},"end":{"line":4,"column":10}},"4":{"start":{"line":5,"column":0},"end":{"line":5,"column":20}},"5":{"start":{"line":6,"column":0},"end":{"line":6,"column":15}},"6":{"start":{"line":7,"column":0},"end":{"line":7,"column":3}},"7":{"start":{"line":8,"column":0},"end":{"line":8,"column":1}}},"s":{"0":1,"1":1,"2":1,"3":2,"4":2,"5":2,"6":2,"7":2},"branchMap":{"0":{"type":"branch","line":3,"loc":{"start":{"line":3,"column":26},"end":{"line":8,"column":1}},"locations":[{"start":{"line":3,"column":26},"end":{"line":8,"column":1}}]}},"b":{"0":[2]},"fnMap":{"0":{"name":"badRequest","decl":{"start":{"line":3,"column":26},"end":{"line":8,"column":1}},"loc":{"start":{"line":3,"column":26},"end":{"line":8,"column":1}},"line":3}},"f":{"0":2}}
}
