TN:
SF:src/presentation/controllers/login-controller.ts
FN:8,handle
FN:11,resolve.statusCode
FNF:2
FNH:2
FNDA:2,handle
FNDA:2,resolve.statusCode
DA:1,1
DA:2,1
DA:3,1
DA:4,1
DA:5,1
DA:6,1
DA:7,1
DA:8,1
DA:9,2
DA:10,2
DA:11,3
DA:12,3
DA:13,0
DA:14,0
DA:15,1
LF:15
LH:13
BRDA:8,0,0,2
BRDA:10,1,0,3
BRDA:11,2,0,2
BRDA:13,3,0,0
BRDA:11,4,0,2
BRF:5
BRH:4
end_of_record
TN:
SF:src/presentation/error/index.ts
FNF:0
FNH:0
DA:1,1
LF:1
LH:1
BRF:0
BRH:0
end_of_record
TN:
SF:src/presentation/error/missing-param-error.ts
FN:2,MissingParamError
FNF:1
FNH:1
FNDA:4,MissingParamError
DA:1,1
DA:2,1
DA:3,4
DA:4,4
DA:5,4
DA:6,1
LF:6
LH:6
BRDA:2,0,0,4
BRF:1
BRH:1
end_of_record
TN:
SF:src/presentation/helpers/status-code.ts
FN:3,badRequest
FNF:1
FNH:1
FNDA:2,badRequest
DA:1,1
DA:2,1
DA:3,1
DA:4,2
DA:5,2
DA:6,2
DA:7,2
DA:8,2
LF:8
LH:8
BRDA:3,0,0,2
BRF:1
BRH:1
end_of_record
