TN:
SF:__tests__/data/mocks/db-load-account-mock.ts
FN:6,load
FNF:1
FNH:1
FNDA:1,load
DA:1,1
DA:2,1
DA:3,1
DA:4,1
DA:5,1
DA:6,1
DA:7,1
DA:8,1
DA:9,1
LF:9
LH:9
BRDA:6,0,0,1
BRDA:7,1,0,1
BRF:2
BRH:2
end_of_record
TN:
SF:__tests__/data/mocks/fake-account.ts
FNF:0
FNH:0
DA:1,1
DA:2,1
DA:3,1
DA:4,1
DA:5,1
DA:6,1
DA:7,1
DA:8,1
LF:8
LH:8
BRF:0
BRH:0
end_of_record
TN:
SF:__tests__/presentation/mocks/authentication-mock.ts
FN:5,auth
FNF:1
FNH:1
FNDA:1,auth
DA:1,1
DA:2,1
DA:3,1
DA:4,1
DA:5,1
DA:6,1
DA:7,1
DA:8,1
DA:9,1
DA:10,1
DA:11,1
DA:12,1
LF:12
LH:12
BRDA:5,0,0,1
BRDA:10,1,0,1
BRF:2
BRH:2
end_of_record
TN:
SF:src/data/usecases/remote-authentication.ts
FN:6,RemoteAuthentication
FN:10,auth
FNF:2
FNH:2
FNDA:1,RemoteAuthentication
FNDA:1,auth
DA:1,1
DA:2,1
DA:3,1
DA:4,1
DA:5,1
DA:6,1
DA:7,1
DA:8,1
DA:9,1
DA:10,1
DA:11,1
DA:12,1
DA:13,1
DA:14,1
DA:15,1
DA:16,1
DA:17,1
LF:17
LH:17
BRDA:6,0,0,1
BRDA:10,1,0,1
BRDA:15,2,0,1
BRF:3
BRH:3
end_of_record
TN:
SF:src/presentation/controllers/login-controller.ts
FN:9,LoginController
FN:13,handle
FNF:2
FNH:2
FNDA:3,LoginController
FNDA:3,handle
DA:1,1
DA:2,1
DA:3,1
DA:4,1
DA:5,1
DA:6,1
DA:7,1
DA:8,1
DA:9,1
DA:10,3
DA:11,3
DA:12,1
DA:13,1
DA:14,3
DA:15,3
DA:16,5
DA:17,5
DA:18,1
DA:19,1
DA:20,1
DA:21,1
LF:21
LH:21
BRDA:9,0,0,3
BRDA:13,1,0,3
BRDA:15,2,0,5
BRDA:16,3,0,2
BRDA:18,4,0,1
BRDA:16,5,0,2
BRDA:19,6,0,1
BRF:7
BRH:7
end_of_record
TN:
SF:src/presentation/error/index.ts
FNF:0
FNH:0
DA:1,1
LF:1
LH:1
BRF:0
BRH:0
end_of_record
TN:
SF:src/presentation/error/missing-param-error.ts
FN:2,MissingParamError
FNF:1
FNH:1
FNDA:4,MissingParamError
DA:1,1
DA:2,1
DA:3,4
DA:4,4
DA:5,4
DA:6,1
LF:6
LH:6
BRDA:2,0,0,4
BRF:1
BRH:1
end_of_record
TN:
SF:src/presentation/helpers/status-code.ts
FN:3,badRequest
FNF:1
FNH:1
FNDA:2,badRequest
DA:1,1
DA:2,1
DA:3,1
DA:4,2
DA:5,2
DA:6,2
DA:7,2
DA:8,2
LF:8
LH:8
BRDA:3,0,0,2
BRF:1
BRH:1
end_of_record
